<?xml version="1.0" encoding="UTF-8"?>
<!-- Generated by org.testng.reporters.JUnitReportReporter -->
<testsuite hostname="DESKTOP-6TI5JAM" failures="0" tests="2" name="Basics" time="75.921" errors="0" timestamp="2022-07-21T15:05:05 IST" skipped="0">
  <testcase classname="Basics" name="stringPractice" time="0.004"/>
  <system-out/>
  <testcase classname="Basics" name="arrayPractice" time="75.917"/>
  <system-out/>
</testsuite> <!-- Basics -->
